[1.112s] Invoking command in '/home/gokul/Desktop/agribot_p1/src/py_pubsub': PYTHONPATH=/home/gokul/Desktop/agribot_p1/build/py_pubsub/prefix_override:/home/gokul/Desktop/agribot_p1/install/py_pubsub/lib/python3.10/site-packages:${PYTHONPATH} /usr/bin/python3 setup.py egg_info --egg-base ../../build/py_pubsub build --build-base /home/gokul/Desktop/agribot_p1/build/py_pubsub/build install --record /home/gokul/Desktop/agribot_p1/build/py_pubsub/install.log --install-scripts $base/lib/py_pubsub --single-version-externally-managed
[1.475s] /usr/lib/python3/dist-packages/setuptools/dist.py:723: UserWarning: Usage of dash-separated 'script-dir' will not be supported in future versions. Please use the underscore name 'script_dir' instead
[1.475s]   warnings.warn(
[1.486s] running egg_info
[1.488s] creating ../../build/py_pubsub/py_pubsub.egg-info
[1.489s] writing ../../build/py_pubsub/py_pubsub.egg-info/PKG-INFO
[1.489s] writing dependency_links to ../../build/py_pubsub/py_pubsub.egg-info/dependency_links.txt
[1.489s] writing entry points to ../../build/py_pubsub/py_pubsub.egg-info/entry_points.txt
[1.490s] writing requirements to ../../build/py_pubsub/py_pubsub.egg-info/requires.txt
[1.490s] writing top-level names to ../../build/py_pubsub/py_pubsub.egg-info/top_level.txt
[1.490s] writing manifest file '../../build/py_pubsub/py_pubsub.egg-info/SOURCES.txt'
[1.493s] reading manifest file '../../build/py_pubsub/py_pubsub.egg-info/SOURCES.txt'
[1.494s] writing manifest file '../../build/py_pubsub/py_pubsub.egg-info/SOURCES.txt'
[1.494s] running build
[1.494s] running build_py
[1.495s] creating /home/gokul/Desktop/agribot_p1/build/py_pubsub/build
[1.495s] creating /home/gokul/Desktop/agribot_p1/build/py_pubsub/build/lib
[1.495s] creating /home/gokul/Desktop/agribot_p1/build/py_pubsub/build/lib/py_pubsub
[1.495s] copying py_pubsub/angles_server.py -> /home/gokul/Desktop/agribot_p1/build/py_pubsub/build/lib/py_pubsub
[1.495s] copying py_pubsub/__init__.py -> /home/gokul/Desktop/agribot_p1/build/py_pubsub/build/lib/py_pubsub
[1.496s] running install
[1.498s] /usr/lib/python3/dist-packages/setuptools/command/install.py:34: SetuptoolsDeprecationWarning: setup.py install is deprecated. Use build and pip and other standards-based tools.
[1.498s]   warnings.warn(
[1.499s] running install_lib
[1.500s] creating /home/gokul/Desktop/agribot_p1/install/py_pubsub/lib/python3.10/site-packages/py_pubsub
[1.500s] copying /home/gokul/Desktop/agribot_p1/build/py_pubsub/build/lib/py_pubsub/angles_server.py -> /home/gokul/Desktop/agribot_p1/install/py_pubsub/lib/python3.10/site-packages/py_pubsub
[1.500s] copying /home/gokul/Desktop/agribot_p1/build/py_pubsub/build/lib/py_pubsub/__init__.py -> /home/gokul/Desktop/agribot_p1/install/py_pubsub/lib/python3.10/site-packages/py_pubsub
[1.500s] byte-compiling /home/gokul/Desktop/agribot_p1/install/py_pubsub/lib/python3.10/site-packages/py_pubsub/angles_server.py to angles_server.cpython-310.pyc
[1.501s] byte-compiling /home/gokul/Desktop/agribot_p1/install/py_pubsub/lib/python3.10/site-packages/py_pubsub/__init__.py to __init__.cpython-310.pyc
[1.502s] running install_data
[1.503s] creating /home/gokul/Desktop/agribot_p1/install/py_pubsub/share/ament_index
[1.503s] creating /home/gokul/Desktop/agribot_p1/install/py_pubsub/share/ament_index/resource_index
[1.503s] creating /home/gokul/Desktop/agribot_p1/install/py_pubsub/share/ament_index/resource_index/packages
[1.503s] copying resource/py_pubsub -> /home/gokul/Desktop/agribot_p1/install/py_pubsub/share/ament_index/resource_index/packages
[1.503s] copying package.xml -> /home/gokul/Desktop/agribot_p1/install/py_pubsub/share/py_pubsub
[1.503s] running install_egg_info
[1.506s] Copying ../../build/py_pubsub/py_pubsub.egg-info to /home/gokul/Desktop/agribot_p1/install/py_pubsub/lib/python3.10/site-packages/py_pubsub-0.0.0-py3.10.egg-info
[1.507s] running install_scripts
[1.535s] Installing listener script to /home/gokul/Desktop/agribot_p1/install/py_pubsub/lib/py_pubsub
[1.535s] writing list of installed files to '/home/gokul/Desktop/agribot_p1/build/py_pubsub/install.log'
