[0.035s] Invoking command in '/home/gokul/Desktop/agribot_p1/build/agri_bot': CMAKE_PREFIX_PATH=/opt/ros/humble /usr/bin/cmake /home/gokul/Desktop/agribot_p1/src/agri_bot -DCMAKE_INSTALL_PREFIX=/home/gokul/Desktop/agribot_p1/install/agri_bot
[0.120s] -- The C compiler identification is GNU 11.4.0
[0.182s] -- The CXX compiler identification is GNU 11.4.0
[0.191s] -- Detecting C compiler ABI info
[0.293s] -- Detecting C compiler ABI info - done
[0.305s] -- Check for working C compiler: /usr/bin/cc - skipped
[0.305s] -- Detecting C compile features
[0.305s] -- Detecting C compile features - done
[0.310s] -- Detecting CXX compiler ABI info
[0.415s] -- Detecting CXX compiler ABI info - done
[0.430s] -- Check for working CXX compiler: /usr/bin/c++ - skipped
[0.432s] -- Detecting CXX compile features
[0.432s] -- Detecting CXX compile features - done
[0.438s] -- Found ament_cmake: 1.3.5 (/opt/ros/humble/share/ament_cmake/cmake)
[0.733s] -- Found Python3: /usr/bin/python3.10 (found version "3.10.12") found components: Interpreter 
[0.860s] -- Found ament_lint_auto: 0.12.7 (/opt/ros/humble/share/ament_lint_auto/cmake)
[0.979s] -- Added test 'copyright' to check source files copyright and LICENSE
[0.983s] -- Added test 'flake8' to check Python code syntax and style conventions
[0.985s] -- Added test 'lint_cmake' to check CMake code style
[0.986s] -- Added test 'pep257' to check Python code against some of the docstring style conventions in PEP 257
[0.988s] -- Added test 'xmllint' to check XML markup files
[0.991s] -- Configuring done
[0.996s] -- Generating done
[0.998s] -- Build files have been written to: /home/gokul/Desktop/agribot_p1/build/agri_bot
[1.004s] Invoked command in '/home/gokul/Desktop/agribot_p1/build/agri_bot' returned '0': CMAKE_PREFIX_PATH=/opt/ros/humble /usr/bin/cmake /home/gokul/Desktop/agribot_p1/src/agri_bot -DCMAKE_INSTALL_PREFIX=/home/gokul/Desktop/agribot_p1/install/agri_bot
[1.008s] Invoking command in '/home/gokul/Desktop/agribot_p1/build/agri_bot': CMAKE_PREFIX_PATH=/opt/ros/humble /usr/bin/cmake --build /home/gokul/Desktop/agribot_p1/build/agri_bot -- -j8 -l8
[1.073s] Invoked command in '/home/gokul/Desktop/agribot_p1/build/agri_bot' returned '0': CMAKE_PREFIX_PATH=/opt/ros/humble /usr/bin/cmake --build /home/gokul/Desktop/agribot_p1/build/agri_bot -- -j8 -l8
[1.119s] Invoking command in '/home/gokul/Desktop/agribot_p1/build/agri_bot': CMAKE_PREFIX_PATH=/opt/ros/humble /usr/bin/cmake --install /home/gokul/Desktop/agribot_p1/build/agri_bot
[1.130s] -- Install configuration: ""
[1.130s] [31mCMake Error at cmake_install.cmake:46 (file):
[1.130s]   file INSTALL cannot find
[1.131s]   "/home/gokul/Desktop/agribot_p1/src/agri_bot/config": No such file or
[1.131s]   directory.
[1.131s] 
[1.131s] [0m
[1.132s] Invoked command in '/home/gokul/Desktop/agribot_p1/build/agri_bot' returned '1': CMAKE_PREFIX_PATH=/opt/ros/humble /usr/bin/cmake --install /home/gokul/Desktop/agribot_p1/build/agri_bot
