-- Found ament_cmake: 1.3.5 (/opt/ros/humble/share/ament_cmake/cmake)
-- Found ament_lint_auto: 0.12.7 (/opt/ros/humble/share/ament_lint_auto/cmake)
-- Added test 'copyright' to check source files copyright and LICENSE
-- Added test 'flake8' to check Python code syntax and style conventions
-- Added test 'lint_cmake' to check CMake code style
-- Added test 'pep257' to check Python code against some of the docstring style conventions in PEP 257
-- Added test 'xmllint' to check XML markup files
-- Configuring done
-- Generating done
-- Build files have been written to: /home/gokul/Desktop/agribot_p1/build/agri_bot
-- Install configuration: ""
-- Up-to-date: /home/gokul/Desktop/agribot_p1/install/agri_bot/share/agri_bot/config
-- Up-to-date: /home/gokul/Desktop/agribot_p1/install/agri_bot/share/agri_bot/launch
-- Up-to-date: /home/gokul/Desktop/agribot_p1/install/agri_bot/share/agri_bot/launch/controller.yaml
-- Up-to-date: /home/gokul/Desktop/agribot_p1/install/agri_bot/share/agri_bot/launch/cyld_robot.launch.py
-- Up-to-date: /home/gokul/Desktop/agribot_p1/install/agri_bot/share/agri_bot/launch/urdf.rviz
-- Installing: /home/gokul/Desktop/agribot_p1/install/agri_bot/share/agri_bot/meshes
-- Installing: /home/gokul/Desktop/agribot_p1/install/agri_bot/share/agri_bot/meshes/Steering 2.stl
-- Installing: /home/gokul/Desktop/agribot_p1/install/agri_bot/share/agri_bot/meshes/Shaft.stl
-- Installing: /home/gokul/Desktop/agribot_p1/install/agri_bot/share/agri_bot/meshes/Spring.stl
-- Installing: /home/gokul/Desktop/agribot_p1/install/agri_bot/share/agri_bot/meshes/Steering.stl
-- Installing: /home/gokul/Desktop/agribot_p1/install/agri_bot/share/agri_bot/meshes/Chain.stl
-- Installing: /home/gokul/Desktop/agribot_p1/install/agri_bot/share/agri_bot/meshes/Frame.stl
-- Installing: /home/gokul/Desktop/agribot_p1/install/agri_bot/share/agri_bot/meshes/Wheel.stl
[31mCMake Error at cmake_install.cmake:46 (file):
  file INSTALL cannot find
  "/home/gokul/Desktop/agribot_p1/src/agri_bot/models": No such file or
  directory.

[0m
