[0.545s] DEBUG:colcon:Command line arguments: ['/usr/bin/colcon', 'build']
[0.545s] DEBUG:colcon:Parsed command line arguments: Namespace(log_base=None, log_level=None, verb_name='build', build_base='build', install_base='install', merge_install=False, symlink_install=False, test_result_base=None, continue_on_error=False, executor='parallel', parallel_workers=8, event_handlers=None, ignore_user_meta=False, metas=['./colcon.meta'], base_paths=['.'], packages_ignore=None, packages_ignore_regex=None, paths=None, packages_up_to=None, packages_up_to_regex=None, packages_above=None, packages_above_and_dependencies=None, packages_above_depth=None, packages_select_by_dep=None, packages_skip_by_dep=None, packages_skip_up_to=None, packages_select_build_failed=False, packages_skip_build_finished=False, packages_select_test_failures=False, packages_skip_test_passed=False, packages_select=None, packages_skip=None, packages_select_regex=None, packages_skip_regex=None, packages_start=None, packages_end=None, allow_overriding=[], cmake_args=None, cmake_target=None, cmake_target_skip_unavailable=False, cmake_clean_cache=False, cmake_clean_first=False, cmake_force_configure=False, ament_cmake_args=None, catkin_cmake_args=None, catkin_skip_building_tests=False, mixin_files=None, mixin=None, verb_parser=<colcon_mixin.mixin.mixin_argument.MixinArgumentDecorator object at 0x7ff2dec45420>, verb_extension=<colcon_core.verb.build.BuildVerb object at 0x7ff2df5bffa0>, main=<bound method BuildVerb.main of <colcon_core.verb.build.BuildVerb object at 0x7ff2df5bffa0>>, mixin_verb=('build',))
[0.580s] Level 1:colcon.colcon_core.package_discovery:discover_packages(colcon_meta) check parameters
[0.580s] Level 1:colcon.colcon_core.package_discovery:discover_packages(recursive) check parameters
[0.581s] Level 1:colcon.colcon_core.package_discovery:discover_packages(ignore) check parameters
[0.581s] Level 1:colcon.colcon_core.package_discovery:discover_packages(path) check parameters
[0.581s] Level 1:colcon.colcon_core.package_discovery:discover_packages(colcon_meta) discover
[0.581s] Level 1:colcon.colcon_core.package_discovery:discover_packages(recursive) discover
[0.581s] INFO:colcon.colcon_core.package_discovery:Crawling recursively for packages in '/home/gokul/Desktop/agribot_p1'
[0.581s] Level 1:colcon.colcon_core.package_identification:_identify(.) by extensions ['ignore', 'ignore_ament_install']
[0.581s] Level 1:colcon.colcon_core.package_identification:_identify(.) by extension 'ignore'
[0.581s] Level 1:colcon.colcon_core.package_identification:_identify(.) by extension 'ignore_ament_install'
[0.581s] Level 1:colcon.colcon_core.package_identification:_identify(.) by extensions ['colcon_pkg']
[0.581s] Level 1:colcon.colcon_core.package_identification:_identify(.) by extension 'colcon_pkg'
[0.581s] Level 1:colcon.colcon_core.package_identification:_identify(.) by extensions ['colcon_meta']
[0.581s] Level 1:colcon.colcon_core.package_identification:_identify(.) by extension 'colcon_meta'
[0.581s] Level 1:colcon.colcon_core.package_identification:_identify(.) by extensions ['ros']
[0.582s] Level 1:colcon.colcon_core.package_identification:_identify(.) by extension 'ros'
[0.599s] Level 1:colcon.colcon_core.package_identification:_identify(.) by extensions ['cmake', 'python']
[0.599s] Level 1:colcon.colcon_core.package_identification:_identify(.) by extension 'cmake'
[0.599s] Level 1:colcon.colcon_core.package_identification:_identify(.) by extension 'python'
[0.599s] Level 1:colcon.colcon_core.package_identification:_identify(.) by extensions ['python_setup_py']
[0.599s] Level 1:colcon.colcon_core.package_identification:_identify(.) by extension 'python_setup_py'
[0.599s] Level 1:colcon.colcon_core.package_identification:_identify(build) by extensions ['ignore', 'ignore_ament_install']
[0.599s] Level 1:colcon.colcon_core.package_identification:_identify(build) by extension 'ignore'
[0.599s] Level 1:colcon.colcon_core.package_identification:_identify(build) ignored
[0.600s] Level 1:colcon.colcon_core.package_identification:_identify(install) by extensions ['ignore', 'ignore_ament_install']
[0.600s] Level 1:colcon.colcon_core.package_identification:_identify(install) by extension 'ignore'
[0.600s] Level 1:colcon.colcon_core.package_identification:_identify(install) ignored
[0.600s] Level 1:colcon.colcon_core.package_identification:_identify(log) by extensions ['ignore', 'ignore_ament_install']
[0.600s] Level 1:colcon.colcon_core.package_identification:_identify(log) by extension 'ignore'
[0.600s] Level 1:colcon.colcon_core.package_identification:_identify(log) ignored
[0.600s] Level 1:colcon.colcon_core.package_identification:_identify(src) by extensions ['ignore', 'ignore_ament_install']
[0.600s] Level 1:colcon.colcon_core.package_identification:_identify(src) by extension 'ignore'
[0.600s] Level 1:colcon.colcon_core.package_identification:_identify(src) by extension 'ignore_ament_install'
[0.601s] Level 1:colcon.colcon_core.package_identification:_identify(src) by extensions ['colcon_pkg']
[0.601s] Level 1:colcon.colcon_core.package_identification:_identify(src) by extension 'colcon_pkg'
[0.601s] Level 1:colcon.colcon_core.package_identification:_identify(src) by extensions ['colcon_meta']
[0.601s] Level 1:colcon.colcon_core.package_identification:_identify(src) by extension 'colcon_meta'
[0.601s] Level 1:colcon.colcon_core.package_identification:_identify(src) by extensions ['ros']
[0.601s] Level 1:colcon.colcon_core.package_identification:_identify(src) by extension 'ros'
[0.601s] Level 1:colcon.colcon_core.package_identification:_identify(src) by extensions ['cmake', 'python']
[0.601s] Level 1:colcon.colcon_core.package_identification:_identify(src) by extension 'cmake'
[0.601s] Level 1:colcon.colcon_core.package_identification:_identify(src) by extension 'python'
[0.601s] Level 1:colcon.colcon_core.package_identification:_identify(src) by extensions ['python_setup_py']
[0.601s] Level 1:colcon.colcon_core.package_identification:_identify(src) by extension 'python_setup_py'
[0.601s] Level 1:colcon.colcon_core.package_identification:_identify(src/agri_bot) by extensions ['ignore', 'ignore_ament_install']
[0.601s] Level 1:colcon.colcon_core.package_identification:_identify(src/agri_bot) by extension 'ignore'
[0.601s] Level 1:colcon.colcon_core.package_identification:_identify(src/agri_bot) by extension 'ignore_ament_install'
[0.601s] Level 1:colcon.colcon_core.package_identification:_identify(src/agri_bot) by extensions ['colcon_pkg']
[0.602s] Level 1:colcon.colcon_core.package_identification:_identify(src/agri_bot) by extension 'colcon_pkg'
[0.602s] Level 1:colcon.colcon_core.package_identification:_identify(src/agri_bot) by extensions ['colcon_meta']
[0.602s] Level 1:colcon.colcon_core.package_identification:_identify(src/agri_bot) by extension 'colcon_meta'
[0.602s] Level 1:colcon.colcon_core.package_identification:_identify(src/agri_bot) by extensions ['ros']
[0.602s] Level 1:colcon.colcon_core.package_identification:_identify(src/agri_bot) by extension 'ros'
[0.605s] DEBUG:colcon.colcon_core.package_identification:Package 'src/agri_bot' with type 'ros.ament_cmake' and name 'agri_bot'
[0.605s] Level 1:colcon.colcon_core.package_identification:_identify(src/py_pubsub) by extensions ['ignore', 'ignore_ament_install']
[0.605s] Level 1:colcon.colcon_core.package_identification:_identify(src/py_pubsub) by extension 'ignore'
[0.606s] Level 1:colcon.colcon_core.package_identification:_identify(src/py_pubsub) by extension 'ignore_ament_install'
[0.606s] Level 1:colcon.colcon_core.package_identification:_identify(src/py_pubsub) by extensions ['colcon_pkg']
[0.606s] Level 1:colcon.colcon_core.package_identification:_identify(src/py_pubsub) by extension 'colcon_pkg'
[0.606s] Level 1:colcon.colcon_core.package_identification:_identify(src/py_pubsub) by extensions ['colcon_meta']
[0.606s] Level 1:colcon.colcon_core.package_identification:_identify(src/py_pubsub) by extension 'colcon_meta'
[0.606s] Level 1:colcon.colcon_core.package_identification:_identify(src/py_pubsub) by extensions ['ros']
[0.606s] Level 1:colcon.colcon_core.package_identification:_identify(src/py_pubsub) by extension 'ros'
[0.607s] DEBUG:colcon.colcon_core.package_identification:Package 'src/py_pubsub' with type 'ros.ament_python' and name 'py_pubsub'
[0.607s] Level 1:colcon.colcon_core.package_discovery:discover_packages(recursive) using defaults
[0.607s] Level 1:colcon.colcon_core.package_discovery:discover_packages(ignore) discover
[0.607s] Level 1:colcon.colcon_core.package_discovery:discover_packages(ignore) using defaults
[0.607s] Level 1:colcon.colcon_core.package_discovery:discover_packages(path) discover
[0.607s] Level 1:colcon.colcon_core.package_discovery:discover_packages(path) using defaults
[0.644s] Level 1:colcon.colcon_core.package_discovery:discover_packages(prefix_path) check parameters
[0.644s] Level 1:colcon.colcon_core.package_discovery:discover_packages(prefix_path) discover
[0.648s] DEBUG:colcon.colcon_installed_package_information.package_discovery:Found 3 installed packages in /home/gokul/Desktop/agribot_p1/install
[0.651s] DEBUG:colcon.colcon_installed_package_information.package_discovery:Found 323 installed packages in /opt/ros/humble
[0.653s] Level 1:colcon.colcon_core.package_discovery:discover_packages(prefix_path) using defaults
[0.753s] Level 5:colcon.colcon_core.verb:set package 'agri_bot' build argument 'cmake_args' from command line to 'None'
[0.753s] Level 5:colcon.colcon_core.verb:set package 'agri_bot' build argument 'cmake_target' from command line to 'None'
[0.753s] Level 5:colcon.colcon_core.verb:set package 'agri_bot' build argument 'cmake_target_skip_unavailable' from command line to 'False'
[0.753s] Level 5:colcon.colcon_core.verb:set package 'agri_bot' build argument 'cmake_clean_cache' from command line to 'False'
[0.753s] Level 5:colcon.colcon_core.verb:set package 'agri_bot' build argument 'cmake_clean_first' from command line to 'False'
[0.753s] Level 5:colcon.colcon_core.verb:set package 'agri_bot' build argument 'cmake_force_configure' from command line to 'False'
[0.753s] Level 5:colcon.colcon_core.verb:set package 'agri_bot' build argument 'ament_cmake_args' from command line to 'None'
[0.753s] Level 5:colcon.colcon_core.verb:set package 'agri_bot' build argument 'catkin_cmake_args' from command line to 'None'
[0.753s] Level 5:colcon.colcon_core.verb:set package 'agri_bot' build argument 'catkin_skip_building_tests' from command line to 'False'
[0.753s] DEBUG:colcon.colcon_core.verb:Building package 'agri_bot' with the following arguments: {'ament_cmake_args': None, 'build_base': '/home/gokul/Desktop/agribot_p1/build/agri_bot', 'catkin_cmake_args': None, 'catkin_skip_building_tests': False, 'cmake_args': None, 'cmake_clean_cache': False, 'cmake_clean_first': False, 'cmake_force_configure': False, 'cmake_target': None, 'cmake_target_skip_unavailable': False, 'install_base': '/home/gokul/Desktop/agribot_p1/install/agri_bot', 'merge_install': False, 'path': '/home/gokul/Desktop/agribot_p1/src/agri_bot', 'symlink_install': False, 'test_result_base': None}
[0.754s] Level 5:colcon.colcon_core.verb:set package 'py_pubsub' build argument 'cmake_args' from command line to 'None'
[0.754s] Level 5:colcon.colcon_core.verb:set package 'py_pubsub' build argument 'cmake_target' from command line to 'None'
[0.754s] Level 5:colcon.colcon_core.verb:set package 'py_pubsub' build argument 'cmake_target_skip_unavailable' from command line to 'False'
[0.754s] Level 5:colcon.colcon_core.verb:set package 'py_pubsub' build argument 'cmake_clean_cache' from command line to 'False'
[0.754s] Level 5:colcon.colcon_core.verb:set package 'py_pubsub' build argument 'cmake_clean_first' from command line to 'False'
[0.755s] Level 5:colcon.colcon_core.verb:set package 'py_pubsub' build argument 'cmake_force_configure' from command line to 'False'
[0.755s] Level 5:colcon.colcon_core.verb:set package 'py_pubsub' build argument 'ament_cmake_args' from command line to 'None'
[0.755s] Level 5:colcon.colcon_core.verb:set package 'py_pubsub' build argument 'catkin_cmake_args' from command line to 'None'
[0.755s] Level 5:colcon.colcon_core.verb:set package 'py_pubsub' build argument 'catkin_skip_building_tests' from command line to 'False'
[0.755s] DEBUG:colcon.colcon_core.verb:Building package 'py_pubsub' with the following arguments: {'ament_cmake_args': None, 'build_base': '/home/gokul/Desktop/agribot_p1/build/py_pubsub', 'catkin_cmake_args': None, 'catkin_skip_building_tests': False, 'cmake_args': None, 'cmake_clean_cache': False, 'cmake_clean_first': False, 'cmake_force_configure': False, 'cmake_target': None, 'cmake_target_skip_unavailable': False, 'install_base': '/home/gokul/Desktop/agribot_p1/install/py_pubsub', 'merge_install': False, 'path': '/home/gokul/Desktop/agribot_p1/src/py_pubsub', 'symlink_install': False, 'test_result_base': None}
[0.756s] INFO:colcon.colcon_core.executor:Executing jobs using 'parallel' executor
[0.760s] DEBUG:colcon.colcon_parallel_executor.executor.parallel:run_until_complete
[0.760s] INFO:colcon.colcon_ros.task.ament_cmake.build:Building ROS package in '/home/gokul/Desktop/agribot_p1/src/agri_bot' with build type 'ament_cmake'
[0.760s] INFO:colcon.colcon_cmake.task.cmake.build:Building CMake package in '/home/gokul/Desktop/agribot_p1/src/agri_bot'
[0.766s] INFO:colcon.colcon_core.plugin_system:Skipping extension 'colcon_core.shell.bat': Not used on non-Windows systems
[0.767s] INFO:colcon.colcon_core.shell:Skip shell extension 'powershell' for command environment: Not usable outside of PowerShell
[0.767s] DEBUG:colcon.colcon_core.shell:Skip shell extension 'dsv' for command environment
[0.773s] INFO:colcon.colcon_ros.task.ament_python.build:Building ROS package in '/home/gokul/Desktop/agribot_p1/src/py_pubsub' with build type 'ament_python'
[0.773s] Level 1:colcon.colcon_core.shell:create_environment_hook('py_pubsub', 'ament_prefix_path')
[0.775s] INFO:colcon.colcon_core.shell:Creating environment hook '/home/gokul/Desktop/agribot_p1/install/py_pubsub/share/py_pubsub/hook/ament_prefix_path.ps1'
[0.776s] INFO:colcon.colcon_core.shell:Creating environment descriptor '/home/gokul/Desktop/agribot_p1/install/py_pubsub/share/py_pubsub/hook/ament_prefix_path.dsv'
[0.777s] INFO:colcon.colcon_core.shell:Creating environment hook '/home/gokul/Desktop/agribot_p1/install/py_pubsub/share/py_pubsub/hook/ament_prefix_path.sh'
[0.779s] INFO:colcon.colcon_core.shell:Skip shell extension 'powershell' for command environment: Not usable outside of PowerShell
[0.779s] DEBUG:colcon.colcon_core.shell:Skip shell extension 'dsv' for command environment
[0.795s] DEBUG:colcon.colcon_core.event_handler.log_command:Invoking command in '/home/gokul/Desktop/agribot_p1/build/agri_bot': CMAKE_PREFIX_PATH=${CMAKE_PREFIX_PATH}:/home/gokul/Desktop/agribot_p1/install/py_pubsub:/opt/ros/humble /usr/bin/cmake --build /home/gokul/Desktop/agribot_p1/build/agri_bot -- -j8 -l8
[1.137s] INFO:colcon.colcon_core.task.python.build:Building Python package in '/home/gokul/Desktop/agribot_p1/src/py_pubsub'
[1.139s] INFO:colcon.colcon_core.shell:Skip shell extension 'powershell' for command environment: Not usable outside of PowerShell
[1.139s] DEBUG:colcon.colcon_core.shell:Skip shell extension 'dsv' for command environment
[1.147s] DEBUG:colcon.colcon_core.event_handler.log_command:Invoked command in '/home/gokul/Desktop/agribot_p1/build/agri_bot' returned '0': CMAKE_PREFIX_PATH=${CMAKE_PREFIX_PATH}:/home/gokul/Desktop/agribot_p1/install/py_pubsub:/opt/ros/humble /usr/bin/cmake --build /home/gokul/Desktop/agribot_p1/build/agri_bot -- -j8 -l8
[1.189s] DEBUG:colcon.colcon_core.event_handler.log_command:Invoking command in '/home/gokul/Desktop/agribot_p1/build/agri_bot': CMAKE_PREFIX_PATH=${CMAKE_PREFIX_PATH}:/home/gokul/Desktop/agribot_p1/install/py_pubsub:/opt/ros/humble /usr/bin/cmake --install /home/gokul/Desktop/agribot_p1/build/agri_bot
[1.204s] Level 1:colcon.colcon_core.environment:create_environment_scripts_only(agri_bot)
[1.209s] DEBUG:colcon.colcon_core.event_handler.log_command:Invoked command in '/home/gokul/Desktop/agribot_p1/build/agri_bot' returned '0': CMAKE_PREFIX_PATH=${CMAKE_PREFIX_PATH}:/home/gokul/Desktop/agribot_p1/install/py_pubsub:/opt/ros/humble /usr/bin/cmake --install /home/gokul/Desktop/agribot_p1/build/agri_bot
[1.214s] Level 1:colcon.colcon_core.environment:checking '/home/gokul/Desktop/agribot_p1/install/agri_bot' for CMake module files
[1.215s] Level 1:colcon.colcon_core.environment:checking '/home/gokul/Desktop/agribot_p1/install/agri_bot' for CMake config files
[1.216s] Level 1:colcon.colcon_core.shell:create_environment_hook('agri_bot', 'cmake_prefix_path')
[1.218s] INFO:colcon.colcon_core.shell:Creating environment hook '/home/gokul/Desktop/agribot_p1/install/agri_bot/share/agri_bot/hook/cmake_prefix_path.ps1'
[1.218s] INFO:colcon.colcon_core.shell:Creating environment descriptor '/home/gokul/Desktop/agribot_p1/install/agri_bot/share/agri_bot/hook/cmake_prefix_path.dsv'
[1.219s] INFO:colcon.colcon_core.shell:Creating environment hook '/home/gokul/Desktop/agribot_p1/install/agri_bot/share/agri_bot/hook/cmake_prefix_path.sh'
[1.220s] Level 1:colcon.colcon_core.environment:checking '/home/gokul/Desktop/agribot_p1/install/agri_bot/bin'
[1.220s] Level 1:colcon.colcon_core.environment:checking '/home/gokul/Desktop/agribot_p1/install/agri_bot/lib/pkgconfig/agri_bot.pc'
[1.220s] Level 1:colcon.colcon_core.environment:checking '/home/gokul/Desktop/agribot_p1/install/agri_bot/lib/python3.10/site-packages'
[1.221s] Level 1:colcon.colcon_core.environment:checking '/home/gokul/Desktop/agribot_p1/install/agri_bot/bin'
[1.223s] INFO:colcon.colcon_core.shell:Creating package script '/home/gokul/Desktop/agribot_p1/install/agri_bot/share/agri_bot/package.ps1'
[1.224s] INFO:colcon.colcon_core.shell:Creating package descriptor '/home/gokul/Desktop/agribot_p1/install/agri_bot/share/agri_bot/package.dsv'
[1.225s] INFO:colcon.colcon_core.shell:Creating package script '/home/gokul/Desktop/agribot_p1/install/agri_bot/share/agri_bot/package.sh'
[1.226s] INFO:colcon.colcon_core.shell:Creating package script '/home/gokul/Desktop/agribot_p1/install/agri_bot/share/agri_bot/package.bash'
[1.227s] INFO:colcon.colcon_core.shell:Creating package script '/home/gokul/Desktop/agribot_p1/install/agri_bot/share/agri_bot/package.zsh'
[1.229s] Level 1:colcon.colcon_core.environment:create_file_with_runtime_dependencies(/home/gokul/Desktop/agribot_p1/install/agri_bot/share/colcon-core/packages/agri_bot)
[1.256s] Level 1:colcon.colcon_core.environment:create_environment_scripts_only(agri_bot)
[1.259s] Level 1:colcon.colcon_core.environment:checking '/home/gokul/Desktop/agribot_p1/install/agri_bot' for CMake module files
[1.259s] Level 1:colcon.colcon_core.environment:checking '/home/gokul/Desktop/agribot_p1/install/agri_bot' for CMake config files
[1.260s] Level 1:colcon.colcon_core.shell:create_environment_hook('agri_bot', 'cmake_prefix_path')
[1.262s] INFO:colcon.colcon_core.shell:Creating environment hook '/home/gokul/Desktop/agribot_p1/install/agri_bot/share/agri_bot/hook/cmake_prefix_path.ps1'
[1.263s] INFO:colcon.colcon_core.shell:Creating environment descriptor '/home/gokul/Desktop/agribot_p1/install/agri_bot/share/agri_bot/hook/cmake_prefix_path.dsv'
[1.263s] INFO:colcon.colcon_core.shell:Creating environment hook '/home/gokul/Desktop/agribot_p1/install/agri_bot/share/agri_bot/hook/cmake_prefix_path.sh'
[1.264s] Level 1:colcon.colcon_core.environment:checking '/home/gokul/Desktop/agribot_p1/install/agri_bot/bin'
[1.264s] Level 1:colcon.colcon_core.environment:checking '/home/gokul/Desktop/agribot_p1/install/agri_bot/lib/pkgconfig/agri_bot.pc'
[1.264s] Level 1:colcon.colcon_core.environment:checking '/home/gokul/Desktop/agribot_p1/install/agri_bot/lib/python3.10/site-packages'
[1.264s] Level 1:colcon.colcon_core.environment:checking '/home/gokul/Desktop/agribot_p1/install/agri_bot/bin'
[1.266s] INFO:colcon.colcon_core.shell:Creating package script '/home/gokul/Desktop/agribot_p1/install/agri_bot/share/agri_bot/package.ps1'
[1.266s] INFO:colcon.colcon_core.shell:Creating package descriptor '/home/gokul/Desktop/agribot_p1/install/agri_bot/share/agri_bot/package.dsv'
[1.267s] INFO:colcon.colcon_core.shell:Creating package script '/home/gokul/Desktop/agribot_p1/install/agri_bot/share/agri_bot/package.sh'
[1.267s] INFO:colcon.colcon_core.shell:Creating package script '/home/gokul/Desktop/agribot_p1/install/agri_bot/share/agri_bot/package.bash'
[1.268s] INFO:colcon.colcon_core.shell:Creating package script '/home/gokul/Desktop/agribot_p1/install/agri_bot/share/agri_bot/package.zsh'
[1.268s] Level 1:colcon.colcon_core.environment:create_file_with_runtime_dependencies(/home/gokul/Desktop/agribot_p1/install/agri_bot/share/colcon-core/packages/agri_bot)
[1.630s] DEBUG:colcon.colcon_core.event_handler.log_command:Invoking command in '/home/gokul/Desktop/agribot_p1/src/py_pubsub': PYTHONPATH=/home/gokul/Desktop/agribot_p1/build/py_pubsub/prefix_override:/home/gokul/Desktop/agribot_p1/install/py_pubsub/lib/python3.10/site-packages:${PYTHONPATH} /usr/bin/python3 setup.py egg_info --egg-base ../../build/py_pubsub build --build-base /home/gokul/Desktop/agribot_p1/build/py_pubsub/build install --record /home/gokul/Desktop/agribot_p1/build/py_pubsub/install.log --install-scripts $base/lib/py_pubsub --single-version-externally-managed
[2.051s] Level 1:colcon.colcon_core.environment:checking '/home/gokul/Desktop/agribot_p1/install/py_pubsub' for CMake module files
[2.052s] DEBUG:colcon.colcon_core.event_handler.log_command:Invoked command in '/home/gokul/Desktop/agribot_p1/src/py_pubsub' returned '0': PYTHONPATH=/home/gokul/Desktop/agribot_p1/build/py_pubsub/prefix_override:/home/gokul/Desktop/agribot_p1/install/py_pubsub/lib/python3.10/site-packages:${PYTHONPATH} /usr/bin/python3 setup.py egg_info --egg-base ../../build/py_pubsub build --build-base /home/gokul/Desktop/agribot_p1/build/py_pubsub/build install --record /home/gokul/Desktop/agribot_p1/build/py_pubsub/install.log --install-scripts $base/lib/py_pubsub --single-version-externally-managed
[2.052s] Level 1:colcon.colcon_core.environment:checking '/home/gokul/Desktop/agribot_p1/install/py_pubsub' for CMake config files
[2.052s] Level 1:colcon.colcon_core.environment:checking '/home/gokul/Desktop/agribot_p1/install/py_pubsub/lib'
[2.053s] Level 1:colcon.colcon_core.environment:checking '/home/gokul/Desktop/agribot_p1/install/py_pubsub/bin'
[2.053s] Level 1:colcon.colcon_core.environment:checking '/home/gokul/Desktop/agribot_p1/install/py_pubsub/lib/pkgconfig/py_pubsub.pc'
[2.053s] Level 1:colcon.colcon_core.environment:checking '/home/gokul/Desktop/agribot_p1/install/py_pubsub/lib/python3.10/site-packages'
[2.053s] Level 1:colcon.colcon_core.shell:create_environment_hook('py_pubsub', 'pythonpath')
[2.055s] INFO:colcon.colcon_core.shell:Creating environment hook '/home/gokul/Desktop/agribot_p1/install/py_pubsub/share/py_pubsub/hook/pythonpath.ps1'
[2.055s] INFO:colcon.colcon_core.shell:Creating environment descriptor '/home/gokul/Desktop/agribot_p1/install/py_pubsub/share/py_pubsub/hook/pythonpath.dsv'
[2.055s] INFO:colcon.colcon_core.shell:Creating environment hook '/home/gokul/Desktop/agribot_p1/install/py_pubsub/share/py_pubsub/hook/pythonpath.sh'
[2.056s] Level 1:colcon.colcon_core.environment:checking '/home/gokul/Desktop/agribot_p1/install/py_pubsub/bin'
[2.056s] Level 1:colcon.colcon_core.environment:create_environment_scripts_only(py_pubsub)
[2.058s] INFO:colcon.colcon_core.shell:Creating package script '/home/gokul/Desktop/agribot_p1/install/py_pubsub/share/py_pubsub/package.ps1'
[2.058s] INFO:colcon.colcon_core.shell:Creating package descriptor '/home/gokul/Desktop/agribot_p1/install/py_pubsub/share/py_pubsub/package.dsv'
[2.059s] INFO:colcon.colcon_core.shell:Creating package script '/home/gokul/Desktop/agribot_p1/install/py_pubsub/share/py_pubsub/package.sh'
[2.060s] INFO:colcon.colcon_core.shell:Creating package script '/home/gokul/Desktop/agribot_p1/install/py_pubsub/share/py_pubsub/package.bash'
[2.060s] INFO:colcon.colcon_core.shell:Creating package script '/home/gokul/Desktop/agribot_p1/install/py_pubsub/share/py_pubsub/package.zsh'
[2.060s] Level 1:colcon.colcon_core.environment:create_file_with_runtime_dependencies(/home/gokul/Desktop/agribot_p1/install/py_pubsub/share/colcon-core/packages/py_pubsub)
[2.061s] DEBUG:colcon.colcon_parallel_executor.executor.parallel:closing loop
[2.061s] DEBUG:colcon.colcon_parallel_executor.executor.parallel:loop closed
[2.061s] DEBUG:colcon.colcon_parallel_executor.executor.parallel:run_until_complete finished with '0'
[2.061s] DEBUG:colcon.colcon_core.event_reactor:joining thread
[2.067s] INFO:colcon.colcon_core.plugin_system:Skipping extension 'colcon_notification.desktop_notification.terminal_notifier': Not used on non-Darwin systems
[2.067s] INFO:colcon.colcon_core.plugin_system:Skipping extension 'colcon_notification.desktop_notification.win32': Not used on non-Windows systems
[2.067s] INFO:colcon.colcon_notification.desktop_notification:Sending desktop notification using 'notify2'
[2.081s] DEBUG:colcon.colcon_core.event_reactor:joined thread
[2.083s] INFO:colcon.colcon_core.shell:Creating prefix script '/home/gokul/Desktop/agribot_p1/install/local_setup.ps1'
[2.084s] INFO:colcon.colcon_core.shell:Creating prefix util module '/home/gokul/Desktop/agribot_p1/install/_local_setup_util_ps1.py'
[2.086s] INFO:colcon.colcon_core.shell:Creating prefix chain script '/home/gokul/Desktop/agribot_p1/install/setup.ps1'
[2.088s] INFO:colcon.colcon_core.shell:Creating prefix script '/home/gokul/Desktop/agribot_p1/install/local_setup.sh'
[2.089s] INFO:colcon.colcon_core.shell:Creating prefix util module '/home/gokul/Desktop/agribot_p1/install/_local_setup_util_sh.py'
[2.090s] INFO:colcon.colcon_core.shell:Creating prefix chain script '/home/gokul/Desktop/agribot_p1/install/setup.sh'
[2.092s] INFO:colcon.colcon_core.shell:Creating prefix script '/home/gokul/Desktop/agribot_p1/install/local_setup.bash'
[2.093s] INFO:colcon.colcon_core.shell:Creating prefix chain script '/home/gokul/Desktop/agribot_p1/install/setup.bash'
[2.096s] INFO:colcon.colcon_core.shell:Creating prefix script '/home/gokul/Desktop/agribot_p1/install/local_setup.zsh'
[2.097s] INFO:colcon.colcon_core.shell:Creating prefix chain script '/home/gokul/Desktop/agribot_p1/install/setup.zsh'
