[0.034s] Invoking command in '/home/gokul/Desktop/agribot_p1/build/agri_bot': CMAKE_PREFIX_PATH=${CMAKE_PREFIX_PATH}:/home/gokul/Desktop/agribot_p1/install/py_pubsub:/opt/ros/humble /usr/bin/cmake --build /home/gokul/Desktop/agribot_p1/build/agri_bot -- -j8 -l8
[0.431s] Invoked command in '/home/gokul/Desktop/agribot_p1/build/agri_bot' returned '0': CMAKE_PREFIX_PATH=${CMAKE_PREFIX_PATH}:/home/gokul/Desktop/agribot_p1/install/py_pubsub:/opt/ros/humble /usr/bin/cmake --build /home/gokul/Desktop/agribot_p1/build/agri_bot -- -j8 -l8
[0.463s] Invoking command in '/home/gokul/Desktop/agribot_p1/build/agri_bot': CMAKE_PREFIX_PATH=${CMAKE_PREFIX_PATH}:/home/gokul/Desktop/agribot_p1/install/py_pubsub:/opt/ros/humble /usr/bin/cmake --install /home/gokul/Desktop/agribot_p1/build/agri_bot
[0.472s] -- Install configuration: ""
[0.473s] -- Up-to-date: /home/gokul/Desktop/agribot_p1/install/agri_bot/share/agri_bot/config
[0.473s] -- Up-to-date: /home/gokul/Desktop/agribot_p1/install/agri_bot/share/agri_bot/launch
[0.473s] -- Up-to-date: /home/gokul/Desktop/agribot_p1/install/agri_bot/share/agri_bot/launch/controller.yaml
[0.474s] -- Installing: /home/gokul/Desktop/agribot_p1/install/agri_bot/share/agri_bot/launch/cyld_robot.launch.py
[0.474s] -- Up-to-date: /home/gokul/Desktop/agribot_p1/install/agri_bot/share/agri_bot/launch/urdf.rviz
[0.474s] -- Up-to-date: /home/gokul/Desktop/agribot_p1/install/agri_bot/share/agri_bot/meshes
[0.474s] -- Up-to-date: /home/gokul/Desktop/agribot_p1/install/agri_bot/share/agri_bot/meshes/Steering 2.stl
[0.474s] -- Up-to-date: /home/gokul/Desktop/agribot_p1/install/agri_bot/share/agri_bot/meshes/Shaft.stl
[0.474s] -- Up-to-date: /home/gokul/Desktop/agribot_p1/install/agri_bot/share/agri_bot/meshes/Spring.stl
[0.475s] -- Up-to-date: /home/gokul/Desktop/agribot_p1/install/agri_bot/share/agri_bot/meshes/Steering.stl
[0.475s] -- Up-to-date: /home/gokul/Desktop/agribot_p1/install/agri_bot/share/agri_bot/meshes/Chain.stl
[0.475s] -- Up-to-date: /home/gokul/Desktop/agribot_p1/install/agri_bot/share/agri_bot/meshes/Frame.stl
[0.475s] -- Up-to-date: /home/gokul/Desktop/agribot_p1/install/agri_bot/share/agri_bot/meshes/Wheel.stl
[0.477s] -- Up-to-date: /home/gokul/Desktop/agribot_p1/install/agri_bot/share/agri_bot/params
[0.477s] -- Up-to-date: /home/gokul/Desktop/agribot_p1/install/agri_bot/share/agri_bot/params/robot_dim.yaml
[0.478s] -- Up-to-date: /home/gokul/Desktop/agribot_p1/install/agri_bot/share/agri_bot/rviz
[0.479s] -- Up-to-date: /home/gokul/Desktop/agribot_p1/install/agri_bot/share/agri_bot/rviz/rviz_basic_settings.rviz
[0.480s] -- Up-to-date: /home/gokul/Desktop/agribot_p1/install/agri_bot/share/agri_bot/src
[0.480s] -- Up-to-date: /home/gokul/Desktop/agribot_p1/install/agri_bot/share/agri_bot/src/angle_publish.py
[0.481s] -- Up-to-date: /home/gokul/Desktop/agribot_p1/install/agri_bot/share/agri_bot/urdf
[0.482s] -- Up-to-date: /home/gokul/Desktop/agribot_p1/install/agri_bot/share/agri_bot/urdf/marker.urdf
[0.482s] -- Up-to-date: /home/gokul/Desktop/agribot_p1/install/agri_bot/share/ament_index/resource_index/package_run_dependencies/agri_bot
[0.482s] -- Up-to-date: /home/gokul/Desktop/agribot_p1/install/agri_bot/share/ament_index/resource_index/parent_prefix_path/agri_bot
[0.483s] -- Up-to-date: /home/gokul/Desktop/agribot_p1/install/agri_bot/share/agri_bot/environment/ament_prefix_path.sh
[0.483s] -- Up-to-date: /home/gokul/Desktop/agribot_p1/install/agri_bot/share/agri_bot/environment/ament_prefix_path.dsv
[0.484s] -- Up-to-date: /home/gokul/Desktop/agribot_p1/install/agri_bot/share/agri_bot/environment/path.sh
[0.484s] -- Up-to-date: /home/gokul/Desktop/agribot_p1/install/agri_bot/share/agri_bot/environment/path.dsv
[0.486s] -- Up-to-date: /home/gokul/Desktop/agribot_p1/install/agri_bot/share/agri_bot/local_setup.bash
[0.486s] -- Up-to-date: /home/gokul/Desktop/agribot_p1/install/agri_bot/share/agri_bot/local_setup.sh
[0.487s] -- Up-to-date: /home/gokul/Desktop/agribot_p1/install/agri_bot/share/agri_bot/local_setup.zsh
[0.487s] -- Up-to-date: /home/gokul/Desktop/agribot_p1/install/agri_bot/share/agri_bot/local_setup.dsv
[0.487s] -- Installing: /home/gokul/Desktop/agribot_p1/install/agri_bot/share/agri_bot/package.dsv
[0.489s] -- Up-to-date: /home/gokul/Desktop/agribot_p1/install/agri_bot/share/ament_index/resource_index/packages/agri_bot
[0.489s] -- Up-to-date: /home/gokul/Desktop/agribot_p1/install/agri_bot/share/agri_bot/cmake/agri_botConfig.cmake
[0.489s] -- Up-to-date: /home/gokul/Desktop/agribot_p1/install/agri_bot/share/agri_bot/cmake/agri_botConfig-version.cmake
[0.489s] -- Up-to-date: /home/gokul/Desktop/agribot_p1/install/agri_bot/share/agri_bot/package.xml
[0.490s] Invoked command in '/home/gokul/Desktop/agribot_p1/build/agri_bot' returned '0': CMAKE_PREFIX_PATH=${CMAKE_PREFIX_PATH}:/home/gokul/Desktop/agribot_p1/install/py_pubsub:/opt/ros/humble /usr/bin/cmake --install /home/gokul/Desktop/agribot_p1/build/agri_bot
