-- Found ament_cmake: 1.3.5 (/opt/ros/humble/share/ament_cmake/cmake)
-- Found ament_lint_auto: 0.12.7 (/opt/ros/humble/share/ament_lint_auto/cmake)
-- Added test 'copyright' to check source files copyright and LICENSE
-- Added test 'flake8' to check Python code syntax and style conventions
-- Added test 'lint_cmake' to check CMake code style
-- Added test 'pep257' to check Python code against some of the docstring style conventions in PEP 257
-- Added test 'xmllint' to check XML markup files
-- Configuring done
-- Generating done
-- Build files have been written to: /home/gokul/Desktop/agribot_p1/build/agri_bot
-- Install configuration: ""
-- Up-to-date: /home/gokul/Desktop/agribot_p1/install/agri_bot/share/agri_bot/config
-- Up-to-date: /home/gokul/Desktop/agribot_p1/install/agri_bot/share/agri_bot/launch
-- Up-to-date: /home/gokul/Desktop/agribot_p1/install/agri_bot/share/agri_bot/launch/controller.yaml
-- Up-to-date: /home/gokul/Desktop/agribot_p1/install/agri_bot/share/agri_bot/launch/cyld_robot.launch.py
-- Up-to-date: /home/gokul/Desktop/agribot_p1/install/agri_bot/share/agri_bot/launch/urdf.rviz
-- Up-to-date: /home/gokul/Desktop/agribot_p1/install/agri_bot/share/agri_bot/meshes
-- Up-to-date: /home/gokul/Desktop/agribot_p1/install/agri_bot/share/agri_bot/meshes/Steering 2.stl
-- Up-to-date: /home/gokul/Desktop/agribot_p1/install/agri_bot/share/agri_bot/meshes/Shaft.stl
-- Up-to-date: /home/gokul/Desktop/agribot_p1/install/agri_bot/share/agri_bot/meshes/Spring.stl
-- Up-to-date: /home/gokul/Desktop/agribot_p1/install/agri_bot/share/agri_bot/meshes/Steering.stl
-- Up-to-date: /home/gokul/Desktop/agribot_p1/install/agri_bot/share/agri_bot/meshes/Chain.stl
-- Up-to-date: /home/gokul/Desktop/agribot_p1/install/agri_bot/share/agri_bot/meshes/Frame.stl
-- Up-to-date: /home/gokul/Desktop/agribot_p1/install/agri_bot/share/agri_bot/meshes/Wheel.stl
-- Installing: /home/gokul/Desktop/agribot_p1/install/agri_bot/share/agri_bot/params
-- Installing: /home/gokul/Desktop/agribot_p1/install/agri_bot/share/agri_bot/params/robot_dim.yaml
-- Installing: /home/gokul/Desktop/agribot_p1/install/agri_bot/share/agri_bot/rviz
-- Installing: /home/gokul/Desktop/agribot_p1/install/agri_bot/share/agri_bot/rviz/rviz_basic_settings.rviz
-- Installing: /home/gokul/Desktop/agribot_p1/install/agri_bot/share/agri_bot/src
-- Installing: /home/gokul/Desktop/agribot_p1/install/agri_bot/share/agri_bot/src/angle_publish.py
-- Installing: /home/gokul/Desktop/agribot_p1/install/agri_bot/share/agri_bot/urdf
-- Installing: /home/gokul/Desktop/agribot_p1/install/agri_bot/share/agri_bot/urdf/marker.urdf
-- Installing: /home/gokul/Desktop/agribot_p1/install/agri_bot/share/ament_index/resource_index/package_run_dependencies/agri_bot
-- Installing: /home/gokul/Desktop/agribot_p1/install/agri_bot/share/ament_index/resource_index/parent_prefix_path/agri_bot
-- Installing: /home/gokul/Desktop/agribot_p1/install/agri_bot/share/agri_bot/environment/ament_prefix_path.sh
-- Installing: /home/gokul/Desktop/agribot_p1/install/agri_bot/share/agri_bot/environment/ament_prefix_path.dsv
-- Installing: /home/gokul/Desktop/agribot_p1/install/agri_bot/share/agri_bot/environment/path.sh
-- Installing: /home/gokul/Desktop/agribot_p1/install/agri_bot/share/agri_bot/environment/path.dsv
-- Installing: /home/gokul/Desktop/agribot_p1/install/agri_bot/share/agri_bot/local_setup.bash
-- Installing: /home/gokul/Desktop/agribot_p1/install/agri_bot/share/agri_bot/local_setup.sh
-- Installing: /home/gokul/Desktop/agribot_p1/install/agri_bot/share/agri_bot/local_setup.zsh
-- Installing: /home/gokul/Desktop/agribot_p1/install/agri_bot/share/agri_bot/local_setup.dsv
-- Installing: /home/gokul/Desktop/agribot_p1/install/agri_bot/share/agri_bot/package.dsv
-- Installing: /home/gokul/Desktop/agribot_p1/install/agri_bot/share/ament_index/resource_index/packages/agri_bot
-- Installing: /home/gokul/Desktop/agribot_p1/install/agri_bot/share/agri_bot/cmake/agri_botConfig.cmake
-- Installing: /home/gokul/Desktop/agribot_p1/install/agri_bot/share/agri_bot/cmake/agri_botConfig-version.cmake
-- Installing: /home/gokul/Desktop/agribot_p1/install/agri_bot/share/agri_bot/package.xml
