[0.027s] Invoking command in '/home/gokul/Desktop/agribot_p1/build/agri_bot': CMAKE_PREFIX_PATH=/opt/ros/humble /usr/bin/cmake --build /home/gokul/Desktop/agribot_p1/build/agri_bot -- -j8 -l8
[0.053s] -- Found ament_cmake: 1.3.5 (/opt/ros/humble/share/ament_cmake/cmake)
[0.237s] -- Found ament_lint_auto: 0.12.7 (/opt/ros/humble/share/ament_lint_auto/cmake)
[0.330s] -- Added test 'copyright' to check source files copyright and LICENSE
[0.334s] -- Added test 'flake8' to check Python code syntax and style conventions
[0.334s] -- Added test 'lint_cmake' to check CMake code style
[0.335s] -- Added test 'pep257' to check Python code against some of the docstring style conventions in PEP 257
[0.337s] -- Added test 'xmllint' to check XML markup files
[0.338s] -- Configuring done
[0.342s] -- Generating done
[0.343s] -- Build files have been written to: /home/gokul/Desktop/agribot_p1/build/agri_bot
[0.435s] Invoked command in '/home/gokul/Desktop/agribot_p1/build/agri_bot' returned '0': CMAKE_PREFIX_PATH=/opt/ros/humble /usr/bin/cmake --build /home/gokul/Desktop/agribot_p1/build/agri_bot -- -j8 -l8
[0.480s] Invoking command in '/home/gokul/Desktop/agribot_p1/build/agri_bot': CMAKE_PREFIX_PATH=/opt/ros/humble /usr/bin/cmake --install /home/gokul/Desktop/agribot_p1/build/agri_bot
[0.493s] -- Install configuration: ""
[0.493s] -- Up-to-date: /home/gokul/Desktop/agribot_p1/install/agri_bot/share/agri_bot/config
[0.493s] -- Up-to-date: /home/gokul/Desktop/agribot_p1/install/agri_bot/share/agri_bot/launch
[0.494s] -- Up-to-date: /home/gokul/Desktop/agribot_p1/install/agri_bot/share/agri_bot/launch/controller.yaml
[0.494s] -- Up-to-date: /home/gokul/Desktop/agribot_p1/install/agri_bot/share/agri_bot/launch/cyld_robot.launch.py
[0.494s] -- Up-to-date: /home/gokul/Desktop/agribot_p1/install/agri_bot/share/agri_bot/launch/urdf.rviz
[0.494s] -- Up-to-date: /home/gokul/Desktop/agribot_p1/install/agri_bot/share/agri_bot/meshes
[0.495s] -- Up-to-date: /home/gokul/Desktop/agribot_p1/install/agri_bot/share/agri_bot/meshes/Steering 2.stl
[0.495s] -- Up-to-date: /home/gokul/Desktop/agribot_p1/install/agri_bot/share/agri_bot/meshes/Shaft.stl
[0.495s] -- Up-to-date: /home/gokul/Desktop/agribot_p1/install/agri_bot/share/agri_bot/meshes/Spring.stl
[0.495s] -- Up-to-date: /home/gokul/Desktop/agribot_p1/install/agri_bot/share/agri_bot/meshes/Steering.stl
[0.495s] -- Up-to-date: /home/gokul/Desktop/agribot_p1/install/agri_bot/share/agri_bot/meshes/Chain.stl
[0.496s] -- Up-to-date: /home/gokul/Desktop/agribot_p1/install/agri_bot/share/agri_bot/meshes/Frame.stl
[0.496s] -- Up-to-date: /home/gokul/Desktop/agribot_p1/install/agri_bot/share/agri_bot/meshes/Wheel.stl
[0.496s] -- Installing: /home/gokul/Desktop/agribot_p1/install/agri_bot/share/agri_bot/params
[0.496s] -- Installing: /home/gokul/Desktop/agribot_p1/install/agri_bot/share/agri_bot/params/robot_dim.yaml
[0.497s] -- Installing: /home/gokul/Desktop/agribot_p1/install/agri_bot/share/agri_bot/rviz
[0.497s] -- Installing: /home/gokul/Desktop/agribot_p1/install/agri_bot/share/agri_bot/rviz/rviz_basic_settings.rviz
[0.497s] -- Installing: /home/gokul/Desktop/agribot_p1/install/agri_bot/share/agri_bot/src
[0.498s] -- Installing: /home/gokul/Desktop/agribot_p1/install/agri_bot/share/agri_bot/src/angle_publish.py
[0.498s] -- Installing: /home/gokul/Desktop/agribot_p1/install/agri_bot/share/agri_bot/urdf
[0.498s] -- Installing: /home/gokul/Desktop/agribot_p1/install/agri_bot/share/agri_bot/urdf/marker.urdf
[0.499s] -- Installing: /home/gokul/Desktop/agribot_p1/install/agri_bot/share/ament_index/resource_index/package_run_dependencies/agri_bot
[0.499s] -- Installing: /home/gokul/Desktop/agribot_p1/install/agri_bot/share/ament_index/resource_index/parent_prefix_path/agri_bot
[0.499s] -- Installing: /home/gokul/Desktop/agribot_p1/install/agri_bot/share/agri_bot/environment/ament_prefix_path.sh
[0.500s] -- Installing: /home/gokul/Desktop/agribot_p1/install/agri_bot/share/agri_bot/environment/ament_prefix_path.dsv
[0.500s] -- Installing: /home/gokul/Desktop/agribot_p1/install/agri_bot/share/agri_bot/environment/path.sh
[0.500s] -- Installing: /home/gokul/Desktop/agribot_p1/install/agri_bot/share/agri_bot/environment/path.dsv
[0.500s] -- Installing: /home/gokul/Desktop/agribot_p1/install/agri_bot/share/agri_bot/local_setup.bash
[0.501s] -- Installing: /home/gokul/Desktop/agribot_p1/install/agri_bot/share/agri_bot/local_setup.sh
[0.501s] -- Installing: /home/gokul/Desktop/agribot_p1/install/agri_bot/share/agri_bot/local_setup.zsh
[0.501s] -- Installing: /home/gokul/Desktop/agribot_p1/install/agri_bot/share/agri_bot/local_setup.dsv
[0.501s] -- Installing: /home/gokul/Desktop/agribot_p1/install/agri_bot/share/agri_bot/package.dsv
[0.502s] -- Installing: /home/gokul/Desktop/agribot_p1/install/agri_bot/share/ament_index/resource_index/packages/agri_bot
[0.502s] -- Installing: /home/gokul/Desktop/agribot_p1/install/agri_bot/share/agri_bot/cmake/agri_botConfig.cmake
[0.504s] -- Installing: /home/gokul/Desktop/agribot_p1/install/agri_bot/share/agri_bot/cmake/agri_botConfig-version.cmake
[0.505s] -- Installing: /home/gokul/Desktop/agribot_p1/install/agri_bot/share/agri_bot/package.xml
[0.505s] Invoked command in '/home/gokul/Desktop/agribot_p1/build/agri_bot' returned '0': CMAKE_PREFIX_PATH=/opt/ros/humble /usr/bin/cmake --install /home/gokul/Desktop/agribot_p1/build/agri_bot
