[0.856s] Invoking command in '/home/gokul/Desktop/agribot_p1/src/py_pubsub': PYTHONPATH=/home/gokul/Desktop/agribot_p1/build/py_pubsub/prefix_override:/home/gokul/Desktop/agribot_p1/install/py_pubsub/lib/python3.10/site-packages:${PYTHONPATH} /usr/bin/python3 setup.py egg_info --egg-base ../../build/py_pubsub build --build-base /home/gokul/Desktop/agribot_p1/build/py_pubsub/build install --record /home/gokul/Desktop/agribot_p1/build/py_pubsub/install.log --install-scripts $base/lib/py_pubsub --single-version-externally-managed
[1.193s] /usr/lib/python3/dist-packages/setuptools/dist.py:723: UserWarning: Usage of dash-separated 'script-dir' will not be supported in future versions. Please use the underscore name 'script_dir' instead
[1.193s]   warnings.warn(
[1.204s] running egg_info
[1.206s] writing ../../build/py_pubsub/py_pubsub.egg-info/PKG-INFO
[1.207s] writing dependency_links to ../../build/py_pubsub/py_pubsub.egg-info/dependency_links.txt
[1.207s] writing entry points to ../../build/py_pubsub/py_pubsub.egg-info/entry_points.txt
[1.207s] writing requirements to ../../build/py_pubsub/py_pubsub.egg-info/requires.txt
[1.207s] writing top-level names to ../../build/py_pubsub/py_pubsub.egg-info/top_level.txt
[1.209s] reading manifest file '../../build/py_pubsub/py_pubsub.egg-info/SOURCES.txt'
[1.212s] writing manifest file '../../build/py_pubsub/py_pubsub.egg-info/SOURCES.txt'
[1.212s] running build
[1.212s] running build_py
[1.213s] running install
[1.213s] /usr/lib/python3/dist-packages/setuptools/command/install.py:34: SetuptoolsDeprecationWarning: setup.py install is deprecated. Use build and pip and other standards-based tools.
[1.213s]   warnings.warn(
[1.213s] running install_lib
[1.215s] running install_data
[1.216s] running install_egg_info
[1.218s] removing '/home/gokul/Desktop/agribot_p1/install/py_pubsub/lib/python3.10/site-packages/py_pubsub-0.0.0-py3.10.egg-info' (and everything under it)
[1.219s] Copying ../../build/py_pubsub/py_pubsub.egg-info to /home/gokul/Desktop/agribot_p1/install/py_pubsub/lib/python3.10/site-packages/py_pubsub-0.0.0-py3.10.egg-info
[1.220s] running install_scripts
[1.246s] Installing listener script to /home/gokul/Desktop/agribot_p1/install/py_pubsub/lib/py_pubsub
[1.246s] writing list of installed files to '/home/gokul/Desktop/agribot_p1/build/py_pubsub/install.log'
[1.278s] Invoked command in '/home/gokul/Desktop/agribot_p1/src/py_pubsub' returned '0': PYTHONPATH=/home/gokul/Desktop/agribot_p1/build/py_pubsub/prefix_override:/home/gokul/Desktop/agribot_p1/install/py_pubsub/lib/python3.10/site-packages:${PYTHONPATH} /usr/bin/python3 setup.py egg_info --egg-base ../../build/py_pubsub build --build-base /home/gokul/Desktop/agribot_p1/build/py_pubsub/build install --record /home/gokul/Desktop/agribot_p1/build/py_pubsub/install.log --install-scripts $base/lib/py_pubsub --single-version-externally-managed
