[0.994s] Invoking command in '/home/gokul/Desktop/agribot_p1/src/py_pubsub': PYTHONPATH=/home/gokul/Desktop/agribot_p1/build/py_pubsub/prefix_override:/home/gokul/Desktop/agribot_p1/install/py_pubsub/lib/python3.10/site-packages:${PYTHONPATH} /usr/bin/python3 setup.py egg_info --egg-base ../../build/py_pubsub build --build-base /home/gokul/Desktop/agribot_p1/build/py_pubsub/build install --record /home/gokul/Desktop/agribot_p1/build/py_pubsub/install.log --install-scripts $base/lib/py_pubsub --single-version-externally-managed
[1.327s] /usr/lib/python3/dist-packages/setuptools/dist.py:723: UserWarning: Usage of dash-separated 'script-dir' will not be supported in future versions. Please use the underscore name 'script_dir' instead
[1.327s]   warnings.warn(
[1.338s] running egg_info
[1.340s] writing ../../build/py_pubsub/py_pubsub.egg-info/PKG-INFO
[1.340s] writing dependency_links to ../../build/py_pubsub/py_pubsub.egg-info/dependency_links.txt
[1.341s] writing entry points to ../../build/py_pubsub/py_pubsub.egg-info/entry_points.txt
[1.341s] writing requirements to ../../build/py_pubsub/py_pubsub.egg-info/requires.txt
[1.341s] writing top-level names to ../../build/py_pubsub/py_pubsub.egg-info/top_level.txt
[1.343s] reading manifest file '../../build/py_pubsub/py_pubsub.egg-info/SOURCES.txt'
[1.345s] writing manifest file '../../build/py_pubsub/py_pubsub.egg-info/SOURCES.txt'
[1.345s] running build
[1.346s] running build_py
[1.346s] running install
[1.346s] /usr/lib/python3/dist-packages/setuptools/command/install.py:34: SetuptoolsDeprecationWarning: setup.py install is deprecated. Use build and pip and other standards-based tools.
[1.346s]   warnings.warn(
[1.347s] running install_lib
[1.348s] running install_data
[1.349s] running install_egg_info
[1.351s] removing '/home/gokul/Desktop/agribot_p1/install/py_pubsub/lib/python3.10/site-packages/py_pubsub-0.0.0-py3.10.egg-info' (and everything under it)
[1.352s] Copying ../../build/py_pubsub/py_pubsub.egg-info to /home/gokul/Desktop/agribot_p1/install/py_pubsub/lib/python3.10/site-packages/py_pubsub-0.0.0-py3.10.egg-info
[1.352s] running install_scripts
[1.379s] Installing listener script to /home/gokul/Desktop/agribot_p1/install/py_pubsub/lib/py_pubsub
[1.379s] writing list of installed files to '/home/gokul/Desktop/agribot_p1/build/py_pubsub/install.log'
[1.417s] Invoked command in '/home/gokul/Desktop/agribot_p1/src/py_pubsub' returned '0': PYTHONPATH=/home/gokul/Desktop/agribot_p1/build/py_pubsub/prefix_override:/home/gokul/Desktop/agribot_p1/install/py_pubsub/lib/python3.10/site-packages:${PYTHONPATH} /usr/bin/python3 setup.py egg_info --egg-base ../../build/py_pubsub build --build-base /home/gokul/Desktop/agribot_p1/build/py_pubsub/build install --record /home/gokul/Desktop/agribot_p1/build/py_pubsub/install.log --install-scripts $base/lib/py_pubsub --single-version-externally-managed
