[0.033s] Invoking command in '/home/gokul/Desktop/agribot_p1/build/agri_bot': CMAKE_PREFIX_PATH=${CMAKE_PREFIX_PATH}:/home/gokul/Desktop/agribot_p1/install/py_pubsub:/opt/ros/humble /usr/bin/cmake --build /home/gokul/Desktop/agribot_p1/build/agri_bot -- -j8 -l8
[0.385s] Invoked command in '/home/gokul/Desktop/agribot_p1/build/agri_bot' returned '0': CMAKE_PREFIX_PATH=${CMAKE_PREFIX_PATH}:/home/gokul/Desktop/agribot_p1/install/py_pubsub:/opt/ros/humble /usr/bin/cmake --build /home/gokul/Desktop/agribot_p1/build/agri_bot -- -j8 -l8
[0.427s] Invoking command in '/home/gokul/Desktop/agribot_p1/build/agri_bot': CMAKE_PREFIX_PATH=${CMAKE_PREFIX_PATH}:/home/gokul/Desktop/agribot_p1/install/py_pubsub:/opt/ros/humble /usr/bin/cmake --install /home/gokul/Desktop/agribot_p1/build/agri_bot
[0.437s] -- Install configuration: ""
[0.438s] -- Up-to-date: /home/gokul/Desktop/agribot_p1/install/agri_bot/share/agri_bot/config
[0.438s] -- Up-to-date: /home/gokul/Desktop/agribot_p1/install/agri_bot/share/agri_bot/launch
[0.438s] -- Up-to-date: /home/gokul/Desktop/agribot_p1/install/agri_bot/share/agri_bot/launch/controller.yaml
[0.438s] -- Installing: /home/gokul/Desktop/agribot_p1/install/agri_bot/share/agri_bot/launch/cyld_robot.launch.py
[0.438s] -- Up-to-date: /home/gokul/Desktop/agribot_p1/install/agri_bot/share/agri_bot/launch/urdf.rviz
[0.439s] -- Up-to-date: /home/gokul/Desktop/agribot_p1/install/agri_bot/share/agri_bot/meshes
[0.439s] -- Up-to-date: /home/gokul/Desktop/agribot_p1/install/agri_bot/share/agri_bot/meshes/Steering 2.stl
[0.439s] -- Up-to-date: /home/gokul/Desktop/agribot_p1/install/agri_bot/share/agri_bot/meshes/Shaft.stl
[0.439s] -- Up-to-date: /home/gokul/Desktop/agribot_p1/install/agri_bot/share/agri_bot/meshes/Spring.stl
[0.439s] -- Up-to-date: /home/gokul/Desktop/agribot_p1/install/agri_bot/share/agri_bot/meshes/Steering.stl
[0.439s] -- Up-to-date: /home/gokul/Desktop/agribot_p1/install/agri_bot/share/agri_bot/meshes/Chain.stl
[0.439s] -- Up-to-date: /home/gokul/Desktop/agribot_p1/install/agri_bot/share/agri_bot/meshes/Frame.stl
[0.439s] -- Up-to-date: /home/gokul/Desktop/agribot_p1/install/agri_bot/share/agri_bot/meshes/Wheel.stl
[0.439s] -- Up-to-date: /home/gokul/Desktop/agribot_p1/install/agri_bot/share/agri_bot/params
[0.440s] -- Up-to-date: /home/gokul/Desktop/agribot_p1/install/agri_bot/share/agri_bot/params/robot_dim.yaml
[0.440s] -- Up-to-date: /home/gokul/Desktop/agribot_p1/install/agri_bot/share/agri_bot/rviz
[0.440s] -- Up-to-date: /home/gokul/Desktop/agribot_p1/install/agri_bot/share/agri_bot/rviz/rviz_basic_settings.rviz
[0.440s] -- Up-to-date: /home/gokul/Desktop/agribot_p1/install/agri_bot/share/agri_bot/src
[0.440s] -- Up-to-date: /home/gokul/Desktop/agribot_p1/install/agri_bot/share/agri_bot/src/angle_publish.py
[0.440s] -- Up-to-date: /home/gokul/Desktop/agribot_p1/install/agri_bot/share/agri_bot/urdf
[0.440s] -- Up-to-date: /home/gokul/Desktop/agribot_p1/install/agri_bot/share/agri_bot/urdf/marker.urdf
[0.441s] -- Up-to-date: /home/gokul/Desktop/agribot_p1/install/agri_bot/share/ament_index/resource_index/package_run_dependencies/agri_bot
[0.441s] -- Up-to-date: /home/gokul/Desktop/agribot_p1/install/agri_bot/share/ament_index/resource_index/parent_prefix_path/agri_bot
[0.441s] -- Up-to-date: /home/gokul/Desktop/agribot_p1/install/agri_bot/share/agri_bot/environment/ament_prefix_path.sh
[0.441s] -- Up-to-date: /home/gokul/Desktop/agribot_p1/install/agri_bot/share/agri_bot/environment/ament_prefix_path.dsv
[0.441s] -- Up-to-date: /home/gokul/Desktop/agribot_p1/install/agri_bot/share/agri_bot/environment/path.sh
[0.441s] -- Up-to-date: /home/gokul/Desktop/agribot_p1/install/agri_bot/share/agri_bot/environment/path.dsv
[0.441s] -- Up-to-date: /home/gokul/Desktop/agribot_p1/install/agri_bot/share/agri_bot/local_setup.bash
[0.441s] -- Up-to-date: /home/gokul/Desktop/agribot_p1/install/agri_bot/share/agri_bot/local_setup.sh
[0.441s] -- Up-to-date: /home/gokul/Desktop/agribot_p1/install/agri_bot/share/agri_bot/local_setup.zsh
[0.442s] -- Up-to-date: /home/gokul/Desktop/agribot_p1/install/agri_bot/share/agri_bot/local_setup.dsv
[0.442s] -- Installing: /home/gokul/Desktop/agribot_p1/install/agri_bot/share/agri_bot/package.dsv
[0.444s] -- Up-to-date: /home/gokul/Desktop/agribot_p1/install/agri_bot/share/ament_index/resource_index/packages/agri_bot
[0.444s] -- Up-to-date: /home/gokul/Desktop/agribot_p1/install/agri_bot/share/agri_bot/cmake/agri_botConfig.cmake
[0.444s] -- Up-to-date: /home/gokul/Desktop/agribot_p1/install/agri_bot/share/agri_bot/cmake/agri_botConfig-version.cmake
[0.445s] -- Up-to-date: /home/gokul/Desktop/agribot_p1/install/agri_bot/share/agri_bot/package.xml
[0.447s] Invoked command in '/home/gokul/Desktop/agribot_p1/build/agri_bot' returned '0': CMAKE_PREFIX_PATH=${CMAKE_PREFIX_PATH}:/home/gokul/Desktop/agribot_p1/install/py_pubsub:/opt/ros/humble /usr/bin/cmake --install /home/gokul/Desktop/agribot_p1/build/agri_bot
